<?xml version="1.0" encoding="UTF-8"?>
<!-- Generated by org.testng.reporters.JUnitReportReporter -->
<testsuite hostname="LAPTOP-QJHQS53O" failures="0" tests="6" name="com.AmazonAutomation2.QA.TestCases.TestDataTC" time="0.020" errors="0" timestamp="2022-12-24T17:37:48 IST" skipped="0">
  <testcase classname="com.AmazonAutomation2.QA.TestCases.TestDataTC" name="userInfo" time="0.009"/>
  <system-out/>
  <testcase classname="com.AmazonAutomation2.QA.TestCases.TestDataTC" name="userInfo" time="0.001"/>
  <system-out/>
  <testcase classname="com.AmazonAutomation2.QA.TestCases.TestDataTC" name="userInfo" time="0.003"/>
  <system-out/>
  <testcase classname="com.AmazonAutomation2.QA.TestCases.TestDataTC" name="userInfo" time="0.004"/>
  <system-out/>
  <testcase classname="com.AmazonAutomation2.QA.TestCases.TestDataTC" name="userInfo" time="0.002"/>
  <system-out/>
  <testcase classname="com.AmazonAutomation2.QA.TestCases.TestDataTC" name="userInfo" time="0.001"/>
  <system-out/>
</testsuite> <!-- com.AmazonAutomation2.QA.TestCases.TestDataTC -->
