<?xml version="1.0" encoding="UTF-8"?>
<!-- Generated by org.testng.reporters.JUnitReportReporter -->
<testsuite hostname="LAPTOP-QJHQS53O" failures="0" tests="1" name="com.AmazonAutomation2.QA.BaseClass.BaseClass" time="3.621" errors="0" timestamp="2023-01-14T17:11:55 IST" skipped="0">
  <testcase classname="com.AmazonAutomation2.QA.BaseClass.BaseClass" name="initialize" time="3.621"/>
  <system-out/>
</testsuite> <!-- com.AmazonAutomation2.QA.BaseClass.BaseClass -->
