<?xml version="1.0" encoding="UTF-8"?>
<!-- Generated by org.testng.reporters.JUnitReportReporter -->
<testsuite hostname="LAPTOP-QJHQS53O" failures="0" tests="2" name="com.AmazonAutomation2.QA.TestData.WorkingWithExcel" time="49.327" errors="0" timestamp="2022-12-27T14:11:29 IST" skipped="0">
  <testcase classname="com.AmazonAutomation2.QA.TestData.WorkingWithExcel" name="initialize" time="48.344"/>
  <system-out/>
  <testcase classname="com.AmazonAutomation2.QA.TestData.WorkingWithExcel" name="dataFromExcel" time="0.983"/>
  <system-out/>
</testsuite> <!-- com.AmazonAutomation2.QA.TestData.WorkingWithExcel -->
