<?xml version="1.0" encoding="UTF-8"?>
<!-- Generated by org.testng.reporters.JUnitReportReporter -->
<testsuite hostname="LAPTOP-QJHQS53O" failures="0" tests="1" name="com.AmazonAutomation2.QA.PageObjects.CustomerServicePageObjects" time="2.566" errors="0" timestamp="2022-12-07T15:18:53 IST" skipped="0">
  <testcase classname="com.AmazonAutomation2.QA.PageObjects.CustomerServicePageObjects" name="initialize" time="2.566"/>
  <system-out/>
</testsuite> <!-- com.AmazonAutomation2.QA.PageObjects.CustomerServicePageObjects -->
