<?xml version="1.0" encoding="UTF-8"?>
<!-- Generated by org.testng.reporters.JUnitReportReporter -->
<testsuite hostname="LAPTOP-QJHQS53O" failures="0" tests="8" name="com.AmazonAutomation2.QA.TestCases.BestSellersTC" time="103.174" errors="0" timestamp="2023-01-14T17:11:55 IST" skipped="0">
  <testcase classname="com.AmazonAutomation2.QA.TestCases.BestSellersTC" name="populatePriceSearch" time="32.246"/>
  <system-out/>
  <testcase classname="com.AmazonAutomation2.QA.TestCases.BestSellersTC" name="createObjects" time="0.005"/>
  <system-out/>
  <testcase classname="com.AmazonAutomation2.QA.TestCases.BestSellersTC" name="populatePriceSearch" time="14.645"/>
  <system-out/>
  <testcase classname="com.AmazonAutomation2.QA.TestCases.BestSellersTC" name="populatePriceSearch" time="14.639"/>
  <system-out/>
  <testcase classname="com.AmazonAutomation2.QA.TestCases.BestSellersTC" name="populatePriceSearch" time="14.747"/>
  <system-out/>
  <testcase classname="com.AmazonAutomation2.QA.TestCases.BestSellersTC" name="populatePriceSearch" time="16.429"/>
  <system-out/>
  <testcase classname="com.AmazonAutomation2.QA.TestCases.BestSellersTC" name="initialize" time="1.123"/>
  <system-out/>
  <testcase classname="com.AmazonAutomation2.QA.TestCases.BestSellersTC" name="searchBestSellers" time="9.340"/>
  <system-out/>
</testsuite> <!-- com.AmazonAutomation2.QA.TestCases.BestSellersTC -->
