<?xml version="1.0" encoding="UTF-8"?>
<!-- Generated by org.testng.reporters.JUnitReportReporter -->
<testsuite hostname="LAPTOP-QJHQS53O" failures="0" tests="3" name="com.AmazonAutomation2.QA.TestCases.SearchProductsTC" time="17.618" errors="0" timestamp="2023-01-14T17:11:55 IST" skipped="0">
  <testcase classname="com.AmazonAutomation2.QA.TestCases.SearchProductsTC" name="createObjects" time="0.003"/>
  <system-out/>
  <testcase classname="com.AmazonAutomation2.QA.TestCases.SearchProductsTC" name="initialize" time="1.018"/>
  <system-out/>
  <testcase classname="com.AmazonAutomation2.QA.TestCases.SearchProductsTC" name="performSearchApplication" time="16.597"/>
  <system-out/>
</testsuite> <!-- com.AmazonAutomation2.QA.TestCases.SearchProductsTC -->
