<?xml version="1.0" encoding="UTF-8"?>
<!-- Generated by org.testng.reporters.JUnitReportReporter -->
<testsuite hostname="LAPTOP-QJHQS53O" failures="0" tests="3" name="com.AmazonAutomation2.QA.TestCases.MobilesPageTC" time="39.440" errors="0" timestamp="2023-01-14T17:11:55 IST" skipped="0">
  <testcase classname="com.AmazonAutomation2.QA.TestCases.MobilesPageTC" name="createObjects" time="0.015"/>
  <system-out/>
  <testcase classname="com.AmazonAutomation2.QA.TestCases.MobilesPageTC" name="initialize" time="0.977"/>
  <system-out/>
  <testcase classname="com.AmazonAutomation2.QA.TestCases.MobilesPageTC" name="mobilesPageSearch" time="38.448"/>
  <system-out/>
</testsuite> <!-- com.AmazonAutomation2.QA.TestCases.MobilesPageTC -->
