<?xml version="1.0" encoding="UTF-8"?>
<!-- Generated by org.testng.reporters.JUnitReportReporter -->
<testsuite hostname="LAPTOP-QJHQS53O" failures="0" tests="3" name="com.AmazonAutomation2.QA.TestCases.LaunchApplicationLoginTC" time="15.167" errors="0" timestamp="2023-01-14T17:11:55 IST" skipped="0">
  <testcase classname="com.AmazonAutomation2.QA.TestCases.LaunchApplicationLoginTC" name="performLaunchLoginApplication" time="14.201"/>
  <system-out/>
  <testcase classname="com.AmazonAutomation2.QA.TestCases.LaunchApplicationLoginTC" name="initialize" time="0.930"/>
  <system-out/>
  <testcase classname="com.AmazonAutomation2.QA.TestCases.LaunchApplicationLoginTC" name="createObjects" time="0.036"/>
  <system-out/>
</testsuite> <!-- com.AmazonAutomation2.QA.TestCases.LaunchApplicationLoginTC -->
