<?xml version="1.0" encoding="UTF-8"?>
<!-- Generated by org.testng.reporters.JUnitReportReporter -->
<testsuite hostname="LAPTOP-QJHQS53O" failures="0" tests="3" name="com.AmazonAutomation2.QA.TestCases.HomeImprovementTC" time="18.270" errors="0" timestamp="2023-01-14T17:11:55 IST" skipped="0">
  <testcase classname="com.AmazonAutomation2.QA.TestCases.HomeImprovementTC" name="createObjects" time="0.003"/>
  <system-out/>
  <testcase classname="com.AmazonAutomation2.QA.TestCases.HomeImprovementTC" name="searchUnderHomeImprovements" time="17.298"/>
  <system-out/>
  <testcase classname="com.AmazonAutomation2.QA.TestCases.HomeImprovementTC" name="initialize" time="0.969"/>
  <system-out/>
</testsuite> <!-- com.AmazonAutomation2.QA.TestCases.HomeImprovementTC -->
